18:25:45.180 [main] INFO  test_cases.login_tests - Browser closed successfully.
2025-10-03 18:40:36 [main] INFO  test_cases.login_tests - chrome browser launched and navigated to: https://opensource-demo.orangehrmlive.com/
2025-10-03 18:40:36 [main] INFO  test_cases.login_tests - ***Starting TC_001: Verify with Valid Credentials***
2025-10-03 18:40:45 [main] INFO  test_cases.login_tests - ***Starting TC_002: Verify with Invalid Credentials***
2025-10-03 18:40:45 [main] INFO  test_cases.login_tests - Browser closed successfully.
2025-10-03 18:42:16 [main] INFO  test_cases.login_tests - chrome browser launched and navigated to: https://opensource-demo.orangehrmlive.com/
2025-10-03 18:42:16 [main] INFO  test_cases.login_tests - Login page title verified successfully.
2025-10-03 18:42:16 [main] INFO  test_cases.login_tests - ***Starting TC_001: Verify with Valid Credentials 
2025-10-03 18:42:18 [main] INFO  test_cases.login_tests - Current URL: https://opensource-demo.orangehrmlive.com/web/index.php/dashboard/index
2025-10-03 18:42:18 [main] INFO  test_cases.login_tests - ***Starting TC_002: Verify with Invalid Credentials 
2025-10-03 18:42:29 [main] INFO  test_cases.login_tests - Browser closed successfully.
2025-10-03 18:53:45 [main] INFO  test_cases.login_tests - chrome browser launched and navigated to: https://opensource-demo.orangehrmlive.com/
2025-10-03 19:01:09 [main] INFO  test_cases.TC_002_LoginWithInvalidDetails - chrome browser launched and navigated to: https://opensource-demo.orangehrmlive.com/
2025-10-03 19:01:09 [main] INFO  test_cases.TC_002_LoginWithInvalidDetails - ***Starting TC_002: Verify with Invalid Credentials 
2025-10-03 19:02:50 [main] INFO  test_cases.login_tests - chrome browser launched and navigated to: https://opensource-demo.orangehrmlive.com/
2025-10-03 19:02:51 [main] INFO  test_cases.login_tests - ***Starting TC_001: Verify with Valid Credentials 
2025-10-03 19:03:32 [main] INFO  test_cases.TC_002_LoginWithInvalidDetails - chrome browser launched and navigated to: https://opensource-demo.orangehrmlive.com/
2025-10-03 19:35:22 [main] INFO  test_cases.login_tests - chrome browser launched and navigated to: https://opensource-demo.orangehrmlive.com/
2025-10-03 19:35:22 [main] INFO  test_cases.login_tests - Login page title verified successfully.
2025-10-03 19:35:22 [main] INFO  test_cases.login_tests - ***Starting TC_001: Verify with Valid Credentials 
2025-10-03 19:35:23 [main] INFO  test_cases.login_tests - Current URL: https://opensource-demo.orangehrmlive.com/web/index.php/dashboard/index
2025-10-03 19:35:24 [main] INFO  test_cases.login_tests - Browser closed successfully.
2025-10-03 19:35:37 [main] INFO  test_cases.TC_002_LoginWithInvalidDetails - chrome browser launched and navigated to: https://opensource-demo.orangehrmlive.com/
2025-10-03 19:35:37 [main] INFO  test_cases.TC_002_LoginWithInvalidDetails - ***Starting TC_002: Verify with Invalid Credentials***
2025-10-03 19:35:39 [main] INFO  test_cases.TC_002_LoginWithInvalidDetails - Invalid login error message verified successfully.
2025-10-03 19:35:40 [main] INFO  test_cases.TC_002_LoginWithInvalidDetails - Browser closed successfully.
2025-10-03 19:37:31 [main] INFO  test_cases.TC_002_LoginWithInvalidDetails - chrome browser launched and navigated to: https://opensource-demo.orangehrmlive.com/
2025-10-03 19:37:32 [main] INFO  test_cases.TC_002_LoginWithInvalidDetails - ***Starting TC_002: Verify with Invalid Credentials***
2025-10-03 19:37:33 [main] INFO  test_cases.TC_002_LoginWithInvalidDetails - Invalid login error message verified successfully.
2025-10-03 19:37:34 [main] INFO  test_cases.TC_002_LoginWithInvalidDetails - Browser closed successfully.
2025-10-03 19:42:45 [main] INFO  test_cases.login_tests - ${browser} browser launched and navigated to: https://opensource-demo.orangehrmlive.com/
2025-10-03 19:42:45 [main] INFO  test_cases.login_tests - Login page title verified successfully.
2025-10-03 19:42:45 [main] INFO  test_cases.login_tests - ***Starting TC_001: Verify with Valid Credentials 
2025-10-03 19:42:46 [main] INFO  test_cases.login_tests - Current URL: https://opensource-demo.orangehrmlive.com/web/index.php/dashboard/index
2025-10-03 19:42:47 [main] INFO  test_cases.login_tests - Browser closed successfully.
2025-10-03 19:44:01 [main] INFO  test_cases.login_tests - ${browser} browser launched and navigated to: https://opensource-demo.orangehrmlive.com/
2025-10-03 19:44:01 [main] INFO  test_cases.login_tests - Login page title verified successfully.
2025-10-03 19:44:01 [main] INFO  test_cases.login_tests - ***Starting TC_001: Verify with Valid Credentials 
2025-10-03 19:44:02 [main] INFO  test_cases.login_tests - Current URL: https://opensource-demo.orangehrmlive.com/web/index.php/dashboard/index
2025-10-03 19:44:03 [main] INFO  test_cases.login_tests - Browser closed successfully.
2025-10-03 19:44:05 [main] INFO  test_cases.TC_002_LoginWithInvalidDetails - ${browser} browser launched and navigated to: https://opensource-demo.orangehrmlive.com/
2025-10-03 19:44:06 [main] INFO  test_cases.TC_002_LoginWithInvalidDetails - ***Starting TC_002: Verify with Invalid Credentials***
2025-10-03 19:44:07 [main] INFO  test_cases.TC_002_LoginWithInvalidDetails - Invalid login error message verified successfully.
2025-10-03 19:44:08 [main] INFO  test_cases.TC_002_LoginWithInvalidDetails - Browser closed successfully.
