2025-10-04 20:12:22 INFO  test_cases.LoginTests - chrome launched and navigated to https://opensource-demo.orangehrmlive.com/
2025-10-04 20:12:22 INFO  test_cases.LoginTests - *** TC_001: Verify login with valid credentials ***
2025-10-04 20:12:24 INFO  test_cases.LoginTests - *** TC_002: Verify login with invalid credentials ***
2025-10-04 20:12:44 INFO  test_cases.LoginTests - Browser closed.
2025-10-04 20:15:20 INFO  test_cases.LoginTests - chrome launched and navigated to https://opensource-demo.orangehrmlive.com/
2025-10-04 20:15:20 INFO  test_cases.LoginTests - *** TC_001: Verify login with valid credentials ***
2025-10-04 20:15:21 INFO  test_cases.LoginTests - Valid login successful - Dashboard accessed.
2025-10-04 20:15:21 INFO  test_cases.LoginTests - *** TC_002: Verify login with invalid credentials ***
2025-10-04 20:15:42 INFO  test_cases.LoginTests - Browser closed.
2025-10-04 20:19:58 INFO  test_cases.LoginTests - chrome launched and navigated to https://opensource-demo.orangehrmlive.com/
2025-10-04 20:19:58 INFO  test_cases.LoginTests - *** TC_001: Verify login with valid credentials ***
2025-10-04 20:19:59 INFO  test_cases.LoginTests - Valid login successful - Dashboard accessed.
2025-10-04 20:19:59 INFO  test_cases.LoginTests - *** TC_002: Verify login with invalid credentials ***
2025-10-04 20:20:07 INFO  test_cases.LoginTests - Browser closed.
2025-10-04 20:24:46 INFO  test_cases.LoginTests - chrome launched and navigated to https://opensource-demo.orangehrmlive.com/
2025-10-04 20:24:46 INFO  test_cases.LoginTests - *** TC_001: Verify login with valid credentials ***
2025-10-04 20:24:47 INFO  test_cases.LoginTests - Valid login successful - Dashboard accessed.
2025-10-04 20:24:48 INFO  test_cases.LoginTests - Logged out after test method.
2025-10-04 20:24:48 INFO  test_cases.LoginTests - *** TC_002: Verify login with invalid credentials ***
2025-10-04 20:25:27 WARN  test_cases.LoginTests - Logout skipped - likely already on login page.
2025-10-04 20:25:27 INFO  test_cases.LoginTests - Browser closed after each test.
2025-10-04 20:30:48 INFO  test_cases.LoginTests - chrome launched and navigated to https://opensource-demo.orangehrmlive.com/
2025-10-04 20:30:48 INFO  test_cases.LoginTests - *** TC_001: Verify login with valid credentials ***
2025-10-04 20:30:50 INFO  test_cases.LoginTests - Valid login successful - Dashboard accessed.
2025-10-04 20:30:51 INFO  test_cases.LoginTests - Logged out after test method.
2025-10-04 20:30:51 INFO  test_cases.LoginTests - *** TC_002: Verify login with invalid credentials ***
2025-10-04 20:31:12 WARN  test_cases.LoginTests - Logout skipped - likely already on login page.
2025-10-04 20:31:12 INFO  test_cases.LoginTests - Browser closed after each test.
2025-10-04 20:32:56 INFO  test_cases.LoginTests - chrome launched and navigated to https://opensource-demo.orangehrmlive.com/
2025-10-04 20:32:56 INFO  test_cases.LoginTests - *** TC_001: Verify login with valid credentials ***
2025-10-04 20:32:57 INFO  test_cases.LoginTests - Valid login successful - Dashboard accessed.
2025-10-04 20:32:58 INFO  test_cases.LoginTests - Logged out after test method.
2025-10-04 20:32:58 INFO  test_cases.LoginTests - *** TC_002: Verify login with invalid credentials ***
2025-10-04 20:33:19 WARN  test_cases.LoginTests - Logout skipped - likely already on login page.
2025-10-04 20:33:20 INFO  test_cases.LoginTests - Browser closed after each test.
2025-10-04 20:41:55 INFO  test_cases.LoginTests - chrome launched and navigated to https://opensource-demo.orangehrmlive.com/
2025-10-04 20:41:55 INFO  test_cases.LoginTests - *** TC_001: Verify login with valid credentials ***
2025-10-04 20:41:57 INFO  test_cases.LoginTests - Valid login successful - Dashboard accessed.
2025-10-04 20:41:59 INFO  test_cases.LoginTests - Logged out after test method.
2025-10-04 20:41:59 INFO  test_cases.LoginTests - *** TC_002: Verify login with invalid credentials ***
2025-10-04 20:42:02 WARN  test_cases.LoginTests - Logout skipped - likely already on login page.
2025-10-04 20:42:02 INFO  test_cases.LoginTests - Browser closed after each test.
2025-10-04 21:49:06 INFO  test_cases.LoginTests - *** TC_001: Verify login with valid credentials ***
2025-10-04 21:49:07 INFO  test_cases.LoginTests - Valid login successful - Dashboard accessed.
2025-10-04 21:49:08 INFO  test_cases.LoginTests - Logged out after test method.
2025-10-04 21:49:08 INFO  test_cases.LoginTests - *** TC_002: Verify login with invalid credentials ***
2025-10-04 21:49:30 WARN  test_cases.LoginTests - Logout skipped - likely already on login page.
2025-10-04 21:54:41 INFO  test_cases.LoginTests - *** TC_001: Verify login with valid credentials ***
2025-10-04 21:54:42 INFO  test_cases.LoginTests - Valid login successful - Dashboard accessed.
2025-10-04 21:54:44 INFO  test_cases.LoginTests - Logged out after test method.
2025-10-04 21:54:44 INFO  test_cases.LoginTests - *** TC_002: Verify login with invalid credentials ***
2025-10-04 21:55:05 WARN  test_cases.LoginTests - Logout skipped - likely already on login page.
2025-10-04 21:55:05 INFO  test_cases.LoginTests - Browser closed after each test.
2025-10-05 13:19:24 INFO  test_cases.LoginTests - *** TC_001: Verify login with valid credentials ***
2025-10-05 13:19:25 INFO  test_cases.LoginTests - Valid login successful - Dashboard accessed.
2025-10-05 13:19:27 INFO  test_cases.LoginTests - Logged out after test method.
2025-10-05 13:19:27 INFO  test_cases.LoginTests - *** TC_002: Verify login with invalid credentials ***
2025-10-05 13:19:48 WARN  test_cases.LoginTests - Logout skipped - likely already on login page.
2025-10-05 13:19:48 INFO  test_cases.LoginTests - Browser closed after each test.
2025-10-05 13:19:51 INFO  test_cases.PIMTests - ***TC_003: Add employee with valid data***
2025-10-05 13:20:05 INFO  test_cases.PIMTests - ***TC_004: Add employee without first name
2025-10-05 13:20:25 INFO  test_cases.PIMTests - ***TC_005: Search Employee***
2025-10-05 13:20:38 INFO  test_cases.PIMTests - Browser closed after each test.
2025-10-05 13:22:40 INFO  test_cases.LoginTests - *** TC_001: Verify login with valid credentials ***
2025-10-05 13:22:43 INFO  test_cases.LoginTests - Logged out after test method.
2025-10-05 13:22:43 INFO  test_cases.LoginTests - *** TC_002: Verify login with invalid credentials ***
2025-10-05 13:22:47 WARN  test_cases.LoginTests - Logout skipped - likely already on login page.
2025-10-05 13:22:47 INFO  test_cases.LoginTests - Browser closed after each test.
2025-10-05 13:28:32 INFO  test_cases.LoginTests - *** TC_001: Verify login with valid credentials ***
2025-10-05 13:28:33 INFO  test_cases.LoginTests - Valid login successful - Dashboard accessed.
2025-10-05 13:28:34 INFO  test_cases.LoginTests - Logged out after test method.
2025-10-05 13:28:34 INFO  test_cases.LoginTests - *** TC_002: Verify login with invalid credentials ***
2025-10-05 13:28:39 WARN  test_cases.LoginTests - Logout skipped - likely already on login page.
2025-10-05 13:28:39 INFO  test_cases.LoginTests - Browser closed after each test.
2025-10-05 13:29:05 INFO  test_cases.LoginTests - *** TC_001: Verify login with valid credentials ***
2025-10-05 13:29:07 INFO  test_cases.LoginTests - Valid login successful - Dashboard accessed.
2025-10-05 13:29:08 INFO  test_cases.LoginTests - Logged out after test method.
2025-10-05 13:29:08 INFO  test_cases.LoginTests - *** TC_002: Verify login with invalid credentials ***
2025-10-05 13:29:21 WARN  test_cases.LoginTests - Logout skipped - likely already on login page.
2025-10-05 13:29:21 INFO  test_cases.LoginTests - Browser closed after each test.
2025-10-05 13:29:23 INFO  test_cases.PIMTests - ***TC_003: Add employee with valid data***
2025-10-05 13:29:37 INFO  test_cases.PIMTests - ***TC_005: Search Employee***
2025-10-05 13:29:55 INFO  test_cases.PIMTests - ***TC_004: Add employee without first name
2025-10-05 13:29:56 INFO  test_cases.PIMTests - Browser closed after each test.
2025-10-05 13:30:14 INFO  test_cases.LoginTests - *** TC_001: Verify login with valid credentials ***
2025-10-05 13:30:15 INFO  test_cases.LoginTests - Valid login successful - Dashboard accessed.
2025-10-05 13:30:17 INFO  test_cases.LoginTests - Logged out after test method.
2025-10-05 13:30:17 INFO  test_cases.LoginTests - *** TC_002: Verify login with invalid credentials ***
2025-10-05 13:30:38 WARN  test_cases.LoginTests - Logout skipped - likely already on login page.
2025-10-05 13:30:38 INFO  test_cases.LoginTests - Browser closed after each test.
2025-10-05 13:30:40 INFO  test_cases.PIMTests - ***TC_003: Add employee with valid data***
2025-10-05 13:30:55 INFO  test_cases.PIMTests - ***TC_005: Search Employee***
2025-10-05 13:30:55 INFO  test_cases.PIMTests - ***TC_004: Add employee without first name
2025-10-05 13:30:55 INFO  test_cases.PIMTests - Browser closed after each test.
2025-10-05 13:31:32 INFO  test_cases.LoginTests - *** TC_001: Verify login with valid credentials ***
2025-10-05 13:31:33 INFO  test_cases.LoginTests - Valid login successful - Dashboard accessed.
2025-10-05 13:31:35 INFO  test_cases.LoginTests - Logged out after test method.
2025-10-05 13:31:35 INFO  test_cases.LoginTests - *** TC_002: Verify login with invalid credentials ***
2025-10-05 13:31:56 WARN  test_cases.LoginTests - Logout skipped - likely already on login page.
2025-10-05 13:31:56 INFO  test_cases.LoginTests - Browser closed after each test.
2025-10-05 13:31:58 INFO  test_cases.PIMTests - ***TC_003: Add employee with valid data***
2025-10-05 13:32:11 INFO  test_cases.PIMTests - ***TC_005: Search Employee***
2025-10-05 13:32:21 INFO  test_cases.PIMTests - ***TC_004: Add employee without first name
2025-10-05 13:32:32 INFO  test_cases.PIMTests - Browser closed after each test.
2025-10-05 13:33:54 INFO  test_cases.PIMTests - ***TC_003: Add employee with valid data***
2025-10-05 13:34:07 INFO  test_cases.PIMTests - ***TC_005: Search Employee***
2025-10-05 13:34:07 INFO  test_cases.PIMTests - ***TC_004: Add employee without first name
2025-10-05 13:34:07 INFO  test_cases.PIMTests - Browser closed after each test.
2025-10-05 13:34:49 INFO  test_cases.PIMTests - ***TC_003: Add employee with valid data***
2025-10-05 13:35:03 INFO  test_cases.PIMTests - ***TC_005: Search Employee***
2025-10-05 13:35:06 INFO  test_cases.PIMTests - ***TC_004: Add employee without first name
2025-10-05 13:35:06 INFO  test_cases.PIMTests - Browser closed after each test.
2025-10-05 13:40:12 INFO  test_cases.PIMTests - ***TC_003: Add employee with valid data***
2025-10-05 13:40:26 INFO  test_cases.PIMTests - ***TC_005: Search Employee***
2025-10-05 13:40:46 INFO  test_cases.PIMTests - ***TC_004: Add employee without first name
2025-10-05 13:41:06 INFO  test_cases.PIMTests - Browser closed after each test.
2025-10-05 13:42:40 INFO  test_cases.PIMTests - ***TC_003: Add employee with valid data***
2025-10-05 13:42:54 INFO  test_cases.PIMTests - ***TC_005: Search Employee***
2025-10-05 13:43:14 INFO  test_cases.PIMTests - ***TC_004: Add employee without first name
2025-10-05 13:43:34 INFO  test_cases.PIMTests - Browser closed after each test.
2025-10-05 13:44:18 INFO  test_cases.PIMTests - ***TC_003: Add employee with valid data***
2025-10-05 13:44:32 INFO  test_cases.PIMTests - ***TC_005: Search Employee***
2025-10-05 13:44:52 INFO  test_cases.PIMTests - ***TC_004: Add employee without first name
2025-10-05 13:45:12 INFO  test_cases.PIMTests - Browser closed after each test.
2025-10-05 13:48:03 INFO  test_cases.PIMTests - ***TC_003: Add employee with valid data***
2025-10-05 13:48:17 INFO  test_cases.PIMTests - ***Employee added successfully
2025-10-05 13:48:17 INFO  test_cases.PIMTests - ***TC_005: Search Employee***
2025-10-05 13:48:37 INFO  test_cases.PIMTests - ***TC_004: Add employee without first name
2025-10-05 13:48:53 INFO  test_cases.PIMTests - Browser closed after each test.
2025-10-05 13:55:27 INFO  test_cases.PIMTests - ***TC_003: Add employee with valid data***
2025-10-05 13:55:41 INFO  test_cases.PIMTests - ***TC_005: Search Employee***
2025-10-05 13:56:01 INFO  test_cases.PIMTests - ***TC_004: Add employee without first name
2025-10-05 13:56:21 INFO  test_cases.PIMTests - Browser closed after each test.
2025-10-05 14:01:12 INFO  test_cases.PIMTests - ***TC_003: Add employee with valid data***
2025-10-05 14:01:30 INFO  test_cases.PIMTests - ***TC_005: Search Employee***
2025-10-05 14:01:50 INFO  test_cases.PIMTests - ***TC_004: Add employee without first name
2025-10-05 14:02:11 INFO  test_cases.PIMTests - Browser closed after each test.
2025-10-05 14:04:09 INFO  test_cases.PIMTests - ***TC_003: Add employee with valid data***
2025-10-05 14:04:28 INFO  test_cases.PIMTests - ***TC_005: Search Employee***
2025-10-05 14:04:48 INFO  test_cases.PIMTests - ***TC_004: Add employee without first name
2025-10-05 14:05:08 INFO  test_cases.PIMTests - Browser closed after each test.
2025-10-05 14:10:39 INFO  test_cases.PIMTests - ***TC_003: Add employee with valid data***
2025-10-05 14:10:57 INFO  test_cases.PIMTests - ***TC_005: Search Employee***
2025-10-05 14:11:17 INFO  test_cases.PIMTests - ***TC_004: Add employee without first name
2025-10-05 14:11:38 INFO  test_cases.PIMTests - Browser closed after each test.
2025-10-05 14:12:35 INFO  test_cases.PIMTests - ***TC_003: Add employee with valid data***
2025-10-05 14:12:53 INFO  test_cases.PIMTests - ***TC_005: Search Employee***
2025-10-05 14:13:13 INFO  test_cases.PIMTests - ***TC_004: Add employee without first name
2025-10-05 14:13:33 INFO  test_cases.PIMTests - Browser closed after each test.
2025-10-05 14:19:46 INFO  test_cases.PIMTests - ***TC_003: Add employee with valid data***
2025-10-05 14:19:58 INFO  test_cases.PIMTests - ***Employee added successfully
2025-10-05 14:19:58 INFO  test_cases.PIMTests - ***TC_005: Search Employee***
2025-10-05 14:20:18 INFO  test_cases.PIMTests - ***TC_004: Add employee without first name
2025-10-05 14:20:38 INFO  test_cases.PIMTests - Browser closed after each test.
2025-10-05 14:25:37 INFO  test_cases.PIMTests - ***TC_003: Add employee with valid data***
2025-10-05 14:26:01 INFO  test_cases.PIMTests - Logged out after test method.
2025-10-05 14:26:01 INFO  test_cases.PIMTests - ***TC_005: Search Employee***
2025-10-05 14:26:24 INFO  test_cases.PIMTests - ***Employee search succesful by ID***
2025-10-05 14:26:27 INFO  test_cases.PIMTests - Logged out after test method.
2025-10-05 14:26:27 INFO  test_cases.PIMTests - ***TC_004: Add employee without first name
2025-10-05 14:26:52 INFO  test_cases.PIMTests - Logged out after test method.
2025-10-05 14:26:53 INFO  test_cases.PIMTests - Browser closed after each test.
2025-10-05 14:30:27 INFO  test_cases.PIMTests - ***TC_003: Add employee with valid data***
2025-10-05 14:31:25 INFO  test_cases.PIMTests - ***Employee added successfully
2025-10-05 14:31:29 INFO  test_cases.PIMTests - Logged out after test method.
2025-10-05 14:31:29 INFO  test_cases.PIMTests - ***TC_005: Search Employee***
2025-10-05 14:32:11 INFO  test_cases.PIMTests - ***Employee search succesful by ID***
2025-10-05 14:32:16 INFO  test_cases.PIMTests - Logged out after test method.
2025-10-05 14:32:16 INFO  test_cases.PIMTests - ***TC_004: Add employee without first name
2025-10-05 14:33:04 INFO  test_cases.PIMTests - ***Validation: First name left blank- displays error***
2025-10-05 14:33:11 INFO  test_cases.PIMTests - Logged out after test method.
2025-10-05 14:33:11 INFO  test_cases.PIMTests - Browser closed after each test.
2025-10-05 15:53:25 INFO  test_cases.LoginTests - *** TC_001: Verify login with valid credentials ***
2025-10-05 15:53:27 INFO  test_cases.LoginTests - Valid login successful - Dashboard accessed.
2025-10-05 15:53:28 INFO  test_cases.LoginTests - Logged out after test method.
2025-10-05 15:53:28 INFO  test_cases.LoginTests - *** TC_002: Verify login with invalid credentials ***
2025-10-05 15:53:49 WARN  test_cases.LoginTests - Logout skipped - likely already on login page.
2025-10-05 15:53:50 INFO  test_cases.LoginTests - Browser closed after each test.
2025-10-05 15:53:52 INFO  test_cases.PIMTests - ***TC_003: Add employee with valid data***
2025-10-05 15:54:08 INFO  test_cases.PIMTests - ***Employee added successfully
2025-10-05 15:54:08 INFO  test_cases.PIMTests - Logged out after test method.
2025-10-05 15:54:08 INFO  test_cases.PIMTests - ***TC_005: Search Employee***
2025-10-05 15:54:13 INFO  test_cases.PIMTests - ***Employee search succesful by ID***
2025-10-05 15:54:14 INFO  test_cases.PIMTests - Logged out after test method.
2025-10-05 15:54:14 INFO  test_cases.PIMTests - ***TC_004: Add employee without first name
2025-10-05 15:54:27 INFO  test_cases.PIMTests - ***Validation: First name left blank- displays error***
2025-10-05 15:54:29 INFO  test_cases.PIMTests - Logged out after test method.
2025-10-05 15:54:29 INFO  test_cases.PIMTests - Browser closed after each test.
2025-10-05 16:29:15 INFO  test_cases.LeaveTests - ***TC_006: Submit leave with valid dates***
2025-10-05 16:29:55 INFO  test_cases.LeaveTests - ***TC_007: Submit leave without valid dates
2025-10-05 16:30:15 INFO  test_cases.LeaveTests - Browser closed after each test.
2025-10-05 16:41:46 INFO  test_cases.LeaveTests - ***TC_006: Submit leave with valid dates***
2025-10-05 16:43:23 INFO  test_cases.LeaveTests - ***TC_007: Submit leave without valid dates
2025-10-05 16:43:43 INFO  test_cases.LeaveTests - Browser closed after each test.
2025-10-05 16:53:39 INFO  test_cases.LeaveTests - ***TC_006: Submit leave with valid dates***
2025-10-05 16:55:13 INFO  test_cases.LeaveTests - ***TC_007: Submit leave without valid dates***
2025-10-05 16:55:33 INFO  test_cases.LeaveTests - Browser closed after each test.
2025-10-05 16:59:25 INFO  test_cases.LeaveTests - ***TC_006: Submit leave with valid dates***
2025-10-05 17:00:06 INFO  test_cases.LeaveTests - Logged out after test method.
2025-10-05 17:00:06 INFO  test_cases.LeaveTests - ***TC_007: Submit leave without valid dates***
2025-10-05 17:03:18 WARN  test_cases.LeaveTests - Logout skipped - likely already on login page.
2025-10-05 17:03:19 INFO  test_cases.LeaveTests - Browser closed after each test.
2025-10-05 17:12:45 INFO  test_cases.LeaveTests - ***TC_006: Submit leave with valid dates***
2025-10-05 17:13:45 INFO  test_cases.LeaveTests - Browser closed after each test.
2025-10-05 17:15:28 INFO  test_cases.LeaveTests - ***TC_006: Submit leave with valid dates***
2025-10-05 17:17:44 INFO  test_cases.LeaveTests - Browser closed after each test.
2025-10-05 17:23:20 INFO  test_cases.LeaveTests - ***TC_006: Submit leave with valid dates***
2025-10-05 17:24:09 INFO  test_cases.LeaveTests - ***Leave applied successfully with valid dates***
2025-10-05 17:24:10 INFO  test_cases.LeaveTests - Browser closed after each test.
2025-10-05 17:31:20 INFO  test_cases.RecruitmentTests - *** TC_008: Add candidate with valid details ***
2025-10-05 17:31:33 INFO  test_cases.RecruitmentTests - *** TC_009: Upload resume successfully ***
2025-10-05 17:31:54 INFO  test_cases.RecruitmentTests - Browser closed after each test.
2025-10-05 17:37:25 INFO  test_cases.RecruitmentTests - *** TC_008: Add candidate with valid details ***
2025-10-05 17:37:48 INFO  test_cases.RecruitmentTests - *** TC_009: Upload resume successfully ***
2025-10-05 17:38:09 INFO  test_cases.RecruitmentTests - Browser closed after each test.
2025-10-05 17:41:08 INFO  test_cases.RecruitmentTests - *** TC_008: Add candidate with valid details ***
2025-10-05 17:41:21 INFO  test_cases.RecruitmentTests - *** TC_009: Upload resume successfully ***
2025-10-05 17:41:23 INFO  test_cases.RecruitmentTests - Browser closed after each test.
2025-10-05 17:43:34 INFO  test_cases.RecruitmentTests - *** TC_008: Add candidate with valid details ***
2025-10-05 17:43:59 INFO  test_cases.RecruitmentTests - Logged out after test method.
2025-10-05 17:43:59 INFO  test_cases.RecruitmentTests - *** TC_009: Upload resume successfully ***
2025-10-05 17:44:22 INFO  test_cases.RecruitmentTests - Logged out after test method.
2025-10-05 17:44:23 INFO  test_cases.RecruitmentTests - Browser closed after each test.
2025-10-05 17:47:16 INFO  test_cases.RecruitmentTests - *** TC_008: Add candidate with valid details ***
2025-10-05 17:47:48 INFO  test_cases.RecruitmentTests - Logged out after test method.
2025-10-05 17:47:48 INFO  test_cases.RecruitmentTests - *** TC_009: Upload resume successfully ***
2025-10-05 17:48:23 INFO  test_cases.RecruitmentTests - Logged out after test method.
2025-10-05 17:48:23 INFO  test_cases.RecruitmentTests - Browser closed after each test.
2025-10-05 17:50:09 INFO  test_cases.RecruitmentTests - *** TC_008: Add candidate with valid details ***
2025-10-05 17:50:43 INFO  test_cases.RecruitmentTests - Logged out after test method.
2025-10-05 17:50:43 INFO  test_cases.RecruitmentTests - *** TC_009: Upload resume successfully ***
2025-10-05 17:51:18 INFO  test_cases.RecruitmentTests - Logged out after test method.
2025-10-05 17:51:18 INFO  test_cases.RecruitmentTests - Browser closed after each test.
2025-10-05 17:56:36 INFO  test_cases.RecruitmentTests - *** TC_008: Add candidate with valid details ***
2025-10-05 17:57:10 INFO  test_cases.RecruitmentTests - Logged out after test method.
2025-10-05 17:57:10 INFO  test_cases.RecruitmentTests - *** TC_009: Upload resume successfully ***
2025-10-05 17:57:45 INFO  test_cases.RecruitmentTests - Logged out after test method.
2025-10-05 17:57:45 INFO  test_cases.RecruitmentTests - Browser closed after each test.
2025-10-05 17:59:10 INFO  test_cases.RecruitmentTests - *** TC_008: Add candidate with valid details ***
2025-10-05 17:59:50 INFO  test_cases.RecruitmentTests - Logged out after test method.
2025-10-05 17:59:50 INFO  test_cases.RecruitmentTests - *** TC_009: Upload resume successfully ***
2025-10-05 18:00:12 WARN  test_cases.RecruitmentTests - Logout skipped - likely already on login page.
2025-10-05 18:00:12 INFO  test_cases.RecruitmentTests - Browser closed after each test.
2025-10-05 18:08:20 INFO  test_cases.RecruitmentTests - *** TC_008: Add candidate with valid details ***
2025-10-05 18:08:45 INFO  test_cases.RecruitmentTests - Logged out after test method.
2025-10-05 18:08:45 INFO  test_cases.RecruitmentTests - *** TC_009: Upload resume successfully ***
2025-10-05 18:09:10 INFO  test_cases.RecruitmentTests - Logged out after test method.
2025-10-05 18:09:10 INFO  test_cases.RecruitmentTests - Browser closed after each test.
2025-10-05 18:11:41 INFO  test_cases.RecruitmentTests - *** TC_008: Add candidate with valid details ***
2025-10-05 18:12:00 INFO  test_cases.RecruitmentTests - Logged out after test method.
2025-10-05 18:12:00 INFO  test_cases.RecruitmentTests - *** TC_009: Upload resume successfully ***
2025-10-05 18:12:17 WARN  test_cases.RecruitmentTests - Logout skipped - likely already on login page.
2025-10-05 18:12:17 INFO  test_cases.RecruitmentTests - Browser closed after each test.
2025-10-05 18:19:13 INFO  test_cases.RecruitmentTests - *** TC_008: Add candidate with valid details ***
2025-10-05 18:20:50 INFO  test_cases.RecruitmentTests - Candidate added successfully.
2025-10-05 18:21:20 INFO  test_cases.RecruitmentTests - Logged out after test method.
2025-10-05 18:21:20 INFO  test_cases.RecruitmentTests - *** TC_009: Upload resume successfully ***
2025-10-05 18:23:34 INFO  test_cases.RecruitmentTests - Logged out after test method.
2025-10-05 18:23:34 INFO  test_cases.RecruitmentTests - Browser closed after each test.
2025-10-05 18:29:53 INFO  test_cases.RecruitmentTests - *** TC_008: Add candidate with valid details ***
2025-10-05 18:31:30 INFO  test_cases.RecruitmentTests - Logged out after test method.
2025-10-05 18:31:30 INFO  test_cases.RecruitmentTests - *** TC_009: Upload resume successfully ***
2025-10-05 18:31:48 INFO  test_cases.RecruitmentTests - Logged out after test method.
2025-10-05 18:31:48 INFO  test_cases.RecruitmentTests - Browser closed after each test.
2025-10-05 18:34:57 INFO  test_cases.RecruitmentTests - *** TC_008: Add candidate with valid details ***
2025-10-05 18:35:12 INFO  test_cases.RecruitmentTests - Candidate added successfully.
2025-10-05 18:35:16 INFO  test_cases.RecruitmentTests - Logged out after test method.
2025-10-05 18:35:16 INFO  test_cases.RecruitmentTests - *** TC_009: Upload resume successfully ***
2025-10-05 18:37:00 INFO  test_cases.RecruitmentTests - Logged out after test method.
2025-10-05 18:37:00 INFO  test_cases.RecruitmentTests - Browser closed after each test.
2025-10-05 18:42:28 INFO  test_cases.GeneralTests - *** TC_011: Logout and back button validation ***
2025-10-05 18:42:39 INFO  test_cases.GeneralTests - *** TC_012: Verify session timeout after inactivity ***
2025-10-05 18:50:52 INFO  test_cases.GeneralTests - *** TC_011: Logout and back button validation ***
2025-10-05 18:52:31 INFO  test_cases.GeneralTests - Logout successful and back button validation passed.
2025-10-05 18:52:31 INFO  test_cases.GeneralTests - *** TC_012: Verify session timeout after inactivity ***
2025-10-05 18:52:41 INFO  test_cases.GeneralTests - Browser closed after each test.
2025-10-05 18:53:21 INFO  test_cases.GeneralTests - Browser closed after each test.
2025-10-05 18:59:34 INFO  test_cases.GeneralTests - *** TC_011: Logout and back button validation ***
2025-10-05 19:00:34 INFO  test_cases.GeneralTests - Logout successful and back button validation passed.
2025-10-05 19:00:34 INFO  test_cases.GeneralTests - *** TC_012: Verify session timeout after inactivity ***
2025-10-05 19:00:34 INFO  test_cases.GeneralTests - Waiting for session timeout...
2025-10-05 19:01:49 INFO  test_cases.GeneralTests - Session timeout validation successful.
2025-10-05 19:01:49 INFO  test_cases.GeneralTests - Browser closed after each test.
2025-10-05 19:04:35 INFO  test_cases.RecruitmentTests - *** TC_008: Add candidate with valid details ***
2025-10-05 19:05:15 WARN  test_cases.RecruitmentTests - Logout skipped - likely already on login page.
2025-10-05 19:05:15 INFO  test_cases.RecruitmentTests - *** TC_009: Upload resume successfully ***
2025-10-05 19:05:55 WARN  test_cases.RecruitmentTests - Logout skipped - likely already on login page.
2025-10-05 19:05:55 INFO  test_cases.RecruitmentTests - Browser closed after each test.
2025-10-05 19:24:02 INFO  test_cases.LoginTests - *** TC_001: Verify login with valid credentials ***
2025-10-05 19:24:05 INFO  test_cases.LoginTests - Logged out after test method.
2025-10-05 19:24:05 INFO  test_cases.LoginTests - *** TC_002: Verify login with invalid credentials ***
2025-10-05 19:24:26 WARN  test_cases.LoginTests - Logout skipped - likely already on login page.
2025-10-05 19:24:26 INFO  test_cases.LoginTests - Browser closed after each test.
2025-10-05 19:24:29 INFO  test_cases.PIMTests - ***TC_003: Add employee with valid data***
2025-10-05 19:24:44 INFO  test_cases.PIMTests - ***Employee added successfully
2025-10-05 19:24:45 INFO  test_cases.PIMTests - Logged out after test method.
2025-10-05 19:24:45 INFO  test_cases.PIMTests - ***TC_005: Search Employee***
2025-10-05 19:24:49 INFO  test_cases.PIMTests - ***Employee search succesful by ID***
2025-10-05 19:24:50 INFO  test_cases.PIMTests - Logged out after test method.
2025-10-05 19:24:50 INFO  test_cases.PIMTests - ***TC_004: Add employee without first name
2025-10-05 19:25:04 INFO  test_cases.PIMTests - ***Validation: First name left blank- displays error***
2025-10-05 19:25:05 INFO  test_cases.PIMTests - Logged out after test method.
2025-10-05 19:25:05 INFO  test_cases.PIMTests - Browser closed after each test.
2025-10-05 19:52:37 INFO  test_cases.LoginTests - *** TC_001: Verify login with valid credentials ***
2025-10-05 19:52:38 INFO  test_cases.LoginTests - Valid login successful - Dashboard accessed.
2025-10-05 19:52:40 INFO  test_cases.LoginTests - Logged out after test method.
2025-10-05 19:52:40 INFO  test_cases.LoginTests - *** TC_002: Verify login with invalid credentials ***
2025-10-05 19:53:02 WARN  test_cases.LoginTests - Logout skipped - likely already on login page.
2025-10-05 19:53:02 INFO  test_cases.LoginTests - Browser closed after each test.
2025-10-05 19:53:04 INFO  test_cases.PIMTests - ***TC_003: Add employee with valid data***
2025-10-05 19:53:20 INFO  test_cases.PIMTests - ***Employee added successfully
2025-10-05 19:53:21 INFO  test_cases.PIMTests - Logged out after test method.
2025-10-05 19:53:21 INFO  test_cases.PIMTests - ***TC_005: Search Employee***
2025-10-05 19:53:25 INFO  test_cases.PIMTests - ***Employee search succesful by ID***
2025-10-05 19:53:26 INFO  test_cases.PIMTests - Logged out after test method.
2025-10-05 19:53:26 INFO  test_cases.PIMTests - ***TC_004: Add employee without first name
2025-10-05 19:53:40 INFO  test_cases.PIMTests - ***Validation: First name left blank- displays error***
2025-10-05 19:53:41 INFO  test_cases.PIMTests - Logged out after test method.
2025-10-05 19:53:41 INFO  test_cases.PIMTests - Browser closed after each test.
2025-10-05 19:55:00 INFO  test_cases.PIMTests - ***TC_003: Add employee with valid data***
2025-10-05 19:55:16 INFO  test_cases.PIMTests - ***Employee added successfully
2025-10-05 19:55:17 INFO  test_cases.PIMTests - Logged out after test method.
2025-10-05 19:55:17 INFO  test_cases.PIMTests - ***TC_005: Search Employee***
2025-10-05 19:55:22 INFO  test_cases.PIMTests - ***Employee search succesful by ID***
2025-10-05 19:55:23 INFO  test_cases.PIMTests - Logged out after test method.
2025-10-05 19:55:23 INFO  test_cases.PIMTests - ***TC_004: Add employee without first name
2025-10-05 19:55:36 INFO  test_cases.PIMTests - ***Validation: First name left blank- displays error***
2025-10-05 19:55:37 INFO  test_cases.PIMTests - Logged out after test method.
2025-10-05 19:55:38 INFO  test_cases.PIMTests - Browser closed after each test.
2025-10-05 19:57:58 INFO  test_cases.LoginTests - *** TC_001: Verify login with valid credentials ***
2025-10-05 19:57:59 INFO  test_cases.LoginTests - Valid login successful - Dashboard accessed.
2025-10-05 19:58:01 INFO  test_cases.LoginTests - Logged out after test method.
2025-10-05 19:58:01 INFO  test_cases.LoginTests - *** TC_002: Verify login with invalid credentials ***
2025-10-05 19:58:22 WARN  test_cases.LoginTests - Logout skipped - likely already on login page.
2025-10-05 19:58:23 INFO  test_cases.LoginTests - Browser closed after each test.
2025-10-05 19:58:25 INFO  test_cases.PIMTests - ***TC_003: Add employee with valid data***
2025-10-05 19:58:40 INFO  test_cases.PIMTests - ***Employee added successfully
2025-10-05 19:58:42 INFO  test_cases.PIMTests - Logged out after test method.
2025-10-05 19:58:42 INFO  test_cases.PIMTests - ***TC_005: Search Employee***
2025-10-05 19:58:47 INFO  test_cases.PIMTests - ***Employee search succesful by ID***
2025-10-05 19:58:48 INFO  test_cases.PIMTests - Logged out after test method.
2025-10-05 19:58:48 INFO  test_cases.PIMTests - ***TC_004: Add employee without first name
2025-10-05 19:59:02 INFO  test_cases.PIMTests - ***Validation: First name left blank- displays error***
2025-10-05 19:59:03 INFO  test_cases.PIMTests - Logged out after test method.
2025-10-05 19:59:03 INFO  test_cases.PIMTests - Browser closed after each test.
2025-10-05 19:59:05 INFO  test_cases.LeaveTests - ***TC_006: Submit leave with valid dates***
2025-10-05 19:59:29 INFO  test_cases.LeaveTests - ***Leave applied successfully with valid dates***
2025-10-05 19:59:30 INFO  test_cases.LeaveTests - Logged out after test method.
2025-10-05 19:59:30 INFO  test_cases.LeaveTests - ***TC_007: Submit leave without valid dates***
2025-10-05 19:59:34 INFO  test_cases.LeaveTests - ***Validation: Leave submission failed due to blank dates - 'Required' message displayed***
2025-10-05 19:59:35 INFO  test_cases.LeaveTests - Logged out after test method.
2025-10-05 19:59:35 INFO  test_cases.LeaveTests - Browser closed after each test.
2025-10-05 19:59:37 INFO  test_cases.RecruitmentTests - *** TC_008: Add candidate with valid details ***
2025-10-05 19:59:41 INFO  test_cases.RecruitmentTests - Candidate added successfully.
2025-10-05 19:59:42 INFO  test_cases.RecruitmentTests - Logged out after test method.
2025-10-05 19:59:42 INFO  test_cases.RecruitmentTests - *** TC_009: Upload resume successfully ***
2025-10-05 20:00:07 INFO  test_cases.RecruitmentTests - Logged out after test method.
2025-10-05 20:00:07 INFO  test_cases.RecruitmentTests - Browser closed after each test.
2025-10-05 20:00:09 INFO  test_cases.GeneralTests - *** TC_011: Logout and back button validation ***
2025-10-05 20:00:12 INFO  test_cases.GeneralTests - Logout successful and back button validation passed.
2025-10-05 20:00:12 INFO  test_cases.GeneralTests - *** TC_012: Verify session timeout after inactivity ***
2025-10-05 20:00:12 INFO  test_cases.GeneralTests - Waiting for session timeout...
2025-10-05 20:01:18 INFO  test_cases.GeneralTests - Session timeout validation successful.
2025-10-05 20:01:18 INFO  test_cases.GeneralTests - Browser closed after each test.
2025-10-05 21:00:58 INFO  test_cases.RecruitmentTests - *** TC_008: Add candidate with valid details ***
2025-10-05 21:02:48 INFO  test_cases.RecruitmentTests - Candidate added successfully.
2025-10-05 21:02:52 INFO  test_cases.RecruitmentTests - Logged out after test method.
2025-10-05 21:02:52 INFO  test_cases.RecruitmentTests - *** TC_009: Upload resume successfully ***
2025-10-05 21:03:13 WARN  test_cases.RecruitmentTests - Logout skipped - likely already on login page.
2025-10-05 21:03:13 INFO  test_cases.RecruitmentTests - Browser closed after each test.
2025-10-05 21:03:40 INFO  test_cases.RecruitmentTests - *** TC_008: Add candidate with valid details ***
2025-10-05 21:06:05 INFO  test_cases.RecruitmentTests - Logged out after test method.
2025-10-05 21:06:05 INFO  test_cases.RecruitmentTests - *** TC_009: Upload resume successfully ***
2025-10-05 21:06:35 WARN  test_cases.RecruitmentTests - Logout skipped - likely already on login page.
2025-10-05 21:06:35 INFO  test_cases.RecruitmentTests - Browser closed after each test.
2025-10-05 21:07:29 INFO  test_cases.LoginTests - *** TC_001: Verify login with valid credentials ***
2025-10-05 21:08:14 INFO  test_cases.LoginTests - Valid login successful - Dashboard accessed.
2025-10-05 21:09:21 INFO  test_cases.LoginTests - Logged out after test method.
2025-10-05 21:09:21 INFO  test_cases.LoginTests - *** TC_002: Verify login with invalid credentials ***
2025-10-05 21:10:28 WARN  test_cases.LoginTests - Logout skipped - likely already on login page.
2025-10-05 21:10:29 INFO  test_cases.LoginTests - Browser closed after each test.
2025-10-05 21:10:57 INFO  test_cases.PIMTests - ***TC_003: Add employee with valid data***
2025-10-05 21:12:00 INFO  test_cases.PIMTests - ***Employee added successfully
2025-10-05 21:12:00 INFO  test_cases.PIMTests - Logged out after test method.
2025-10-05 21:12:00 INFO  test_cases.PIMTests - ***TC_005: Search Employee***
2025-10-05 21:12:05 INFO  test_cases.PIMTests - ***Employee search succesful by ID***
2025-10-05 21:12:06 INFO  test_cases.PIMTests - Logged out after test method.
2025-10-05 21:12:06 INFO  test_cases.PIMTests - ***TC_004: Add employee without first name
2025-10-05 21:12:20 INFO  test_cases.PIMTests - ***Validation: First name left blank- displays error***
2025-10-05 21:12:21 INFO  test_cases.PIMTests - Logged out after test method.
2025-10-05 21:12:21 INFO  test_cases.PIMTests - Browser closed after each test.
2025-10-05 21:12:23 INFO  test_cases.LeaveTests - ***TC_006: Submit leave with valid dates***
2025-10-05 21:13:55 INFO  test_cases.LeaveTests - Logged out after test method.
2025-10-05 21:13:55 INFO  test_cases.LeaveTests - ***TC_007: Submit leave without valid dates***
2025-10-05 21:13:59 INFO  test_cases.LeaveTests - Logged out after test method.
2025-10-05 21:13:59 INFO  test_cases.LeaveTests - Browser closed after each test.
2025-10-05 21:14:02 INFO  test_cases.RecruitmentTests - *** TC_008: Add candidate with valid details ***
2025-10-05 21:14:08 INFO  test_cases.RecruitmentTests - Candidate added successfully.
2025-10-05 21:14:09 INFO  test_cases.RecruitmentTests - Logged out after test method.
2025-10-05 21:14:09 INFO  test_cases.RecruitmentTests - *** TC_009: Upload resume successfully ***
2025-10-05 21:14:37 INFO  test_cases.RecruitmentTests - Logged out after test method.
2025-10-05 21:14:37 INFO  test_cases.RecruitmentTests - Browser closed after each test.
2025-10-05 21:14:39 INFO  test_cases.GeneralTests - *** TC_011: Logout and back button validation ***
2025-10-05 21:14:43 INFO  test_cases.GeneralTests - Logout successful and back button validation passed.
2025-10-05 21:14:43 INFO  test_cases.GeneralTests - *** TC_012: Verify session timeout after inactivity ***
2025-10-05 21:14:43 INFO  test_cases.GeneralTests - Waiting for session timeout...
2025-10-05 21:15:50 INFO  test_cases.GeneralTests - Session timeout validation successful.
2025-10-05 21:15:51 INFO  test_cases.GeneralTests - Browser closed after each test.
2025-10-06 12:42:28 INFO  test_cases.LoginTests - *** TC_001: Verify login with valid credentials ***
2025-10-06 12:42:29 INFO  test_cases.LoginTests - Valid login successful - Dashboard accessed.
2025-10-06 12:42:31 INFO  test_cases.LoginTests - Logged out after test method.
2025-10-06 12:42:31 INFO  test_cases.LoginTests - *** TC_002: Verify login with invalid credentials ***
2025-10-06 12:42:52 WARN  test_cases.LoginTests - Logout skipped - likely already on login page.
2025-10-06 12:42:53 INFO  test_cases.LoginTests - Browser closed after each test.
2025-10-06 12:42:55 INFO  test_cases.PIMTests - ***TC_003: Add employee with valid data***
2025-10-06 12:43:20 INFO  test_cases.PIMTests - Logged out after test method.
2025-10-06 12:43:20 INFO  test_cases.PIMTests - ***TC_005: Search Employee***
2025-10-06 12:43:34 INFO  test_cases.PIMTests - Logged out after test method.
2025-10-06 12:43:34 INFO  test_cases.PIMTests - ***TC_004: Add employee without first name
2025-10-06 12:43:48 INFO  test_cases.PIMTests - ***Validation: First name left blank- displays error***
2025-10-06 12:43:49 INFO  test_cases.PIMTests - Logged out after test method.
2025-10-06 12:43:49 INFO  test_cases.PIMTests - Browser closed after each test.
2025-10-06 12:43:52 INFO  test_cases.LeaveTests - ***TC_006: Submit leave with valid dates***
2025-10-06 12:44:35 INFO  test_cases.LeaveTests - Logged out after test method.
2025-10-06 12:44:35 INFO  test_cases.LeaveTests - ***TC_007: Submit leave without valid dates***
2025-10-06 12:44:40 INFO  test_cases.LeaveTests - Logged out after test method.
2025-10-06 12:44:40 INFO  test_cases.LeaveTests - Browser closed after each test.
2025-10-06 12:44:42 INFO  test_cases.RecruitmentTests - *** TC_008: Add candidate with valid details ***
2025-10-06 12:44:46 INFO  test_cases.RecruitmentTests - Candidate added successfully.
2025-10-06 12:44:47 INFO  test_cases.RecruitmentTests - Logged out after test method.
2025-10-06 12:44:47 INFO  test_cases.RecruitmentTests - *** TC_009: Upload resume successfully ***
2025-10-06 12:45:12 INFO  test_cases.RecruitmentTests - Logged out after test method.
2025-10-06 12:45:12 INFO  test_cases.RecruitmentTests - Browser closed after each test.
2025-10-06 12:45:14 INFO  test_cases.GeneralTests - *** TC_011: Logout and back button validation ***
2025-10-06 12:45:17 INFO  test_cases.GeneralTests - Logout successful and back button validation passed.
2025-10-06 12:45:17 INFO  test_cases.GeneralTests - *** TC_012: Verify session timeout after inactivity ***
2025-10-06 12:45:37 INFO  test_cases.GeneralTests - Browser closed after each test.
2025-10-06 12:51:44 INFO  test_cases.PIMTests - ***TC_003: Add employee with valid data***
2025-10-06 12:51:59 INFO  test_cases.PIMTests - ***Employee added successfully
2025-10-06 12:52:00 INFO  test_cases.PIMTests - Logged out after test method.
2025-10-06 12:52:00 INFO  test_cases.PIMTests - ***TC_005: Search Employee***
2025-10-06 12:52:05 INFO  test_cases.PIMTests - ***Employee search succesful by ID***
2025-10-06 12:52:06 INFO  test_cases.PIMTests - Logged out after test method.
2025-10-06 12:52:06 INFO  test_cases.PIMTests - ***TC_004: Add employee without first name
2025-10-06 12:52:19 INFO  test_cases.PIMTests - ***Validation: First name left blank- displays error***
2025-10-06 12:52:20 INFO  test_cases.PIMTests - Logged out after test method.
2025-10-06 12:52:20 INFO  test_cases.PIMTests - Browser closed after each test.
2025-10-06 13:39:25 INFO  test_cases.GeneralTests - *** TC_019: Verify OrangeHRM logo/title redirection ***
2025-10-06 13:39:29 INFO  test_cases.GeneralTests - Current URL after clicking Logo: 
2025-10-06 13:39:30 INFO  test_cases.GeneralTests - Browser closed after each test.
2025-10-06 13:47:06 INFO  test_cases.GeneralTests - *** TC_019: Verify OrangeHRM logo/title redirection ***
2025-10-06 13:47:10 INFO  test_cases.GeneralTests - Current URL after clicking Logo: https://www.orangehrm.com/
2025-10-06 13:47:10 INFO  test_cases.GeneralTests - Browser closed after each test.
2025-10-06 13:48:10 INFO  test_cases.GeneralTests - *** TC_019: Verify OrangeHRM logo/title redirection ***
2025-10-06 13:48:14 INFO  test_cases.GeneralTests - Current URL after clicking Logo: https://www.orangehrm.com/
2025-10-06 13:48:14 INFO  test_cases.GeneralTests - Browser closed after each test.
2025-10-06 16:23:58 INFO  test_cases.LoginTests - *** TC_001: Verify login with valid credentials ***
2025-10-06 16:24:42 INFO  test_cases.LoginTests - Valid login successful - Dashboard accessed.
2025-10-06 16:24:52 WARN  test_cases.LoginTests - Logout skipped - likely already on login page.
2025-10-06 16:24:52 INFO  test_cases.LoginTests - *** TC_002: Verify login with invalid credentials ***
2025-10-06 16:25:31 INFO  test_cases.LoginTests - Logged out after test method.
2025-10-06 16:25:32 INFO  test_cases.LoginTests - Browser closed after each test.
2025-10-06 16:26:02 INFO  test_cases.PIMTests - ***TC_003: Add employee with valid data***
2025-10-06 16:26:32 WARN  test_cases.PIMTests - Logout skipped - likely already on login page.
2025-10-06 16:26:32 INFO  test_cases.PIMTests - ***TC_005: Search Employee***
2025-10-06 16:28:01 INFO  test_cases.PIMTests - Logged out after test method.
2025-10-06 16:28:01 INFO  test_cases.PIMTests - ***TC_004: Add employee without first name
2025-10-06 16:28:31 WARN  test_cases.PIMTests - Logout skipped - likely already on login page.
2025-10-06 16:28:31 INFO  test_cases.PIMTests - Browser closed after each test.
2025-10-06 16:28:59 INFO  test_cases.LeaveTests - ***TC_006: Submit leave with valid dates***
2025-10-06 16:29:29 WARN  test_cases.LeaveTests - Logout skipped - likely already on login page.
2025-10-06 16:29:29 INFO  test_cases.LeaveTests - ***TC_007: Submit leave without valid dates***
2025-10-06 16:31:18 INFO  test_cases.LeaveTests - Logged out after test method.
2025-10-06 16:31:19 INFO  test_cases.LeaveTests - Browser closed after each test.
2025-10-06 16:31:48 INFO  test_cases.RecruitmentTests - *** TC_008: Add candidate with valid details ***
2025-10-06 16:34:26 INFO  test_cases.RecruitmentTests - Logged out after test method.
2025-10-06 16:34:26 INFO  test_cases.RecruitmentTests - *** TC_009: Upload resume successfully ***
2025-10-06 16:34:51 INFO  test_cases.RecruitmentTests - Logged out after test method.
2025-10-06 16:34:51 INFO  test_cases.RecruitmentTests - Browser closed after each test.
2025-10-06 16:34:53 INFO  test_cases.GeneralTests - *** TC_010: Logout and back button validation ***
2025-10-06 16:34:56 INFO  test_cases.GeneralTests - Logout successful and back button validation passed.
2025-10-06 16:34:56 INFO  test_cases.GeneralTests - *** TC_011: Verify session timeout after inactivity ***
2025-10-06 16:34:56 INFO  test_cases.GeneralTests - Waiting for session timeout...
2025-10-06 16:36:02 INFO  test_cases.GeneralTests - Session timeout validation successful.
2025-10-06 16:36:02 INFO  test_cases.GeneralTests - *** TC_019: Verify OrangeHRM logo/title redirection ***
2025-10-06 16:36:06 INFO  test_cases.GeneralTests - Current URL after clicking Logo: https://www.orangehrm.com/
2025-10-06 16:36:06 INFO  test_cases.GeneralTests - Browser closed after each test.
2025-10-06 16:36:08 INFO  test_cases.LoginTests - *** TC_001: Verify login with valid credentials ***
2025-10-06 16:36:09 INFO  test_cases.LoginTests - Valid login successful - Dashboard accessed.
2025-10-06 16:36:10 INFO  test_cases.LoginTests - Logged out after test method.
2025-10-06 16:36:10 INFO  test_cases.LoginTests - *** TC_002: Verify login with invalid credentials ***
2025-10-06 16:36:32 WARN  test_cases.LoginTests - Logout skipped - likely already on login page.
2025-10-06 16:36:32 INFO  test_cases.LoginTests - Browser closed after each test.
2025-10-06 16:36:34 INFO  test_cases.PIMTests - ***TC_003: Add employee with valid data***
2025-10-06 16:36:50 INFO  test_cases.PIMTests - ***Employee added successfully
2025-10-06 16:36:51 INFO  test_cases.PIMTests - Logged out after test method.
2025-10-06 16:36:51 INFO  test_cases.PIMTests - ***TC_005: Search Employee***
2025-10-06 16:36:56 INFO  test_cases.PIMTests - ***Employee search succesful by ID***
2025-10-06 16:36:57 INFO  test_cases.PIMTests - Logged out after test method.
2025-10-06 16:36:57 INFO  test_cases.PIMTests - ***TC_004: Add employee without first name
2025-10-06 16:37:11 INFO  test_cases.PIMTests - ***Validation: First name left blank- displays error***
2025-10-06 16:37:12 INFO  test_cases.PIMTests - Logged out after test method.
2025-10-06 16:37:12 INFO  test_cases.PIMTests - Browser closed after each test.
2025-10-06 16:37:14 INFO  test_cases.LeaveTests - ***TC_006: Submit leave with valid dates***
2025-10-06 16:38:08 WARN  test_cases.LeaveTests - Logout skipped - likely already on login page.
2025-10-06 16:38:08 INFO  test_cases.LeaveTests - ***TC_007: Submit leave without valid dates***
2025-10-06 16:38:38 WARN  test_cases.LeaveTests - Logout skipped - likely already on login page.
2025-10-06 16:38:38 INFO  test_cases.LeaveTests - Browser closed after each test.
2025-10-06 16:38:41 INFO  test_cases.RecruitmentTests - *** TC_008: Add candidate with valid details ***
2025-10-06 16:38:47 INFO  test_cases.RecruitmentTests - Candidate added successfully.
2025-10-06 16:38:48 INFO  test_cases.RecruitmentTests - Logged out after test method.
2025-10-06 16:38:48 INFO  test_cases.RecruitmentTests - *** TC_009: Upload resume successfully ***
2025-10-06 16:39:13 INFO  test_cases.RecruitmentTests - Logged out after test method.
2025-10-06 16:39:13 INFO  test_cases.RecruitmentTests - Browser closed after each test.
2025-10-06 16:39:16 INFO  test_cases.GeneralTests - *** TC_010: Logout and back button validation ***
2025-10-06 16:40:10 INFO  test_cases.GeneralTests - *** TC_011: Verify session timeout after inactivity ***
2025-10-06 16:40:30 INFO  test_cases.GeneralTests - *** TC_019: Verify OrangeHRM logo/title redirection ***
2025-10-06 16:40:50 INFO  test_cases.GeneralTests - Browser closed after each test.
2025-10-06 16:44:38 INFO  test_cases.RecruitmentTests - *** TC_008: Add candidate with valid details ***
2025-10-06 16:45:08 WARN  test_cases.RecruitmentTests - Logout skipped - likely already on login page.
2025-10-06 16:45:08 INFO  test_cases.RecruitmentTests - *** TC_009: Upload resume successfully ***
2025-10-06 16:46:46 INFO  test_cases.RecruitmentTests - Logged out after test method.
2025-10-06 16:46:46 INFO  test_cases.RecruitmentTests - Browser closed after each test.
2025-10-06 16:50:05 INFO  test_cases.LoginTests - *** TC_001: Verify login with valid credentials ***
2025-10-06 16:50:51 INFO  test_cases.LoginTests - Valid login successful - Dashboard accessed.
2025-10-06 16:52:16 INFO  test_cases.LoginTests - Logged out after test method.
2025-10-06 16:52:16 INFO  test_cases.LoginTests - *** TC_002: Verify login with invalid credentials ***
2025-10-06 16:53:29 WARN  test_cases.LoginTests - Logout skipped - likely already on login page.
2025-10-06 16:53:29 INFO  test_cases.LoginTests - Browser closed after each test.
2025-10-06 17:31:04 INFO  test_cases.LoginTests - *** TC_001: Verify login with valid credentials ***
2025-10-06 17:31:05 INFO  test_cases.LoginTests - Valid login successful - Dashboard accessed.
2025-10-06 17:31:06 INFO  test_cases.LoginTests - Logged out after test method.
2025-10-06 17:31:06 INFO  test_cases.LoginTests - *** TC_002: Verify login with invalid credentials ***
2025-10-06 17:31:28 WARN  test_cases.LoginTests - Logout skipped - likely already on login page.
2025-10-06 17:31:28 INFO  test_cases.LoginTests - Browser closed after each test.
2025-10-06 17:31:30 INFO  test_cases.PIMTests - ***TC_003: Add employee with valid data***
2025-10-06 17:31:46 INFO  test_cases.PIMTests - ***Employee added successfully
2025-10-06 17:31:47 INFO  test_cases.PIMTests - Logged out after test method.
2025-10-06 17:31:47 INFO  test_cases.PIMTests - ***TC_005: Search Employee***
2025-10-06 17:32:01 INFO  test_cases.PIMTests - Logged out after test method.
2025-10-06 17:32:01 INFO  test_cases.PIMTests - ***TC_004: Add employee without first name
2025-10-06 17:32:15 INFO  test_cases.PIMTests - ***Validation: First name left blank- displays error***
2025-10-06 17:32:16 INFO  test_cases.PIMTests - Logged out after test method.
2025-10-06 17:32:16 INFO  test_cases.PIMTests - Browser closed after each test.
2025-10-06 17:32:18 INFO  test_cases.LeaveTests - ***TC_006: Submit leave with valid dates***
2025-10-06 17:32:52 INFO  test_cases.LeaveTests - Logged out after test method.
2025-10-06 17:32:52 INFO  test_cases.LeaveTests - ***TC_007: Submit leave without valid dates***
2025-10-06 17:33:07 INFO  test_cases.LeaveTests - Logged out after test method.
2025-10-06 17:33:07 INFO  test_cases.LeaveTests - Browser closed after each test.
2025-10-06 17:33:09 INFO  test_cases.RecruitmentTests - *** TC_008: Add candidate with valid details ***
2025-10-06 17:33:13 INFO  test_cases.RecruitmentTests - Candidate added successfully.
2025-10-06 17:33:14 INFO  test_cases.RecruitmentTests - Logged out after test method.
2025-10-06 17:33:14 INFO  test_cases.RecruitmentTests - *** TC_009: Upload resume successfully ***
2025-10-06 17:33:39 INFO  test_cases.RecruitmentTests - Logged out after test method.
2025-10-06 17:33:39 INFO  test_cases.RecruitmentTests - Browser closed after each test.
2025-10-06 17:33:41 INFO  test_cases.GeneralTests - *** TC_010: Logout and back button validation ***
2025-10-06 17:33:44 INFO  test_cases.GeneralTests - Logout successful and back button validation passed.
2025-10-06 17:33:44 INFO  test_cases.GeneralTests - *** TC_011: Verify session timeout after inactivity ***
2025-10-06 17:34:04 INFO  test_cases.GeneralTests - *** TC_019: Verify OrangeHRM logo/title redirection ***
2025-10-06 17:34:24 INFO  test_cases.GeneralTests - Browser closed after each test.
2025-10-06 17:46:14 INFO  test_cases.LoginTests - *** TC_001: Verify login with valid credentials ***
2025-10-06 17:46:15 INFO  test_cases.LoginTests - Valid login successful - Dashboard accessed.
2025-10-06 17:46:17 INFO  test_cases.LoginTests - Logged out after test method.
2025-10-06 17:46:17 INFO  test_cases.LoginTests - *** TC_002: Verify login with invalid credentials ***
2025-10-06 17:46:38 WARN  test_cases.LoginTests - Logout skipped - likely already on login page.
2025-10-06 17:46:38 INFO  test_cases.LoginTests - Browser closed after each test.
2025-10-06 17:52:42 INFO  test_cases.LoginTests - *** TC_001: Verify login with valid credentials ***
2025-10-06 17:52:43 INFO  test_cases.LoginTests - Valid login successful - Dashboard accessed.
2025-10-06 17:52:44 INFO  test_cases.LoginTests - Logged out after test method.
2025-10-06 17:52:44 INFO  test_cases.LoginTests - *** TC_002: Verify login with invalid credentials ***
2025-10-06 17:53:05 WARN  test_cases.LoginTests - Logout skipped - likely already on login page.
2025-10-06 17:53:06 INFO  test_cases.LoginTests - Browser closed after each test.
2025-10-06 17:53:08 INFO  test_cases.PIMTests - ***TC_003: Add employee with valid data***
2025-10-06 17:53:23 INFO  test_cases.PIMTests - ***Employee added successfully
2025-10-06 17:53:24 INFO  test_cases.PIMTests - Logged out after test method.
2025-10-06 17:53:24 INFO  test_cases.PIMTests - ***TC_005: Search Employee***
2025-10-06 17:53:39 INFO  test_cases.PIMTests - Logged out after test method.
2025-10-06 17:53:39 INFO  test_cases.PIMTests - ***TC_004: Add employee without first name
2025-10-06 17:53:52 INFO  test_cases.PIMTests - ***Validation: First name left blank- displays error***
2025-10-06 17:53:53 INFO  test_cases.PIMTests - Logged out after test method.
2025-10-06 17:53:54 INFO  test_cases.PIMTests - Browser closed after each test.
2025-10-06 17:53:56 INFO  test_cases.LeaveTests - ***TC_006: Submit leave with valid dates***
2025-10-06 17:54:30 INFO  test_cases.LeaveTests - Logged out after test method.
2025-10-06 17:54:30 INFO  test_cases.LeaveTests - ***TC_007: Submit leave without valid dates***
2025-10-06 17:54:44 INFO  test_cases.LeaveTests - Logged out after test method.
2025-10-06 17:54:45 INFO  test_cases.LeaveTests - Browser closed after each test.
2025-10-06 17:54:47 INFO  test_cases.RecruitmentTests - *** TC_008: Add candidate with valid details ***
2025-10-06 17:54:51 INFO  test_cases.RecruitmentTests - Candidate added successfully.
2025-10-06 17:54:52 INFO  test_cases.RecruitmentTests - Logged out after test method.
2025-10-06 17:54:52 INFO  test_cases.RecruitmentTests - *** TC_009: Upload resume successfully ***
2025-10-06 17:55:17 INFO  test_cases.RecruitmentTests - Logged out after test method.
2025-10-06 17:55:17 INFO  test_cases.RecruitmentTests - Browser closed after each test.
2025-10-06 17:55:19 INFO  test_cases.GeneralTests - *** TC_010: Logout and back button validation ***
2025-10-06 17:55:22 INFO  test_cases.GeneralTests - Logout successful and back button validation passed.
2025-10-06 17:55:22 INFO  test_cases.GeneralTests - *** TC_011: Verify session timeout after inactivity ***
2025-10-06 17:55:42 INFO  test_cases.GeneralTests - *** TC_019: Verify OrangeHRM logo/title redirection ***
2025-10-06 17:56:02 INFO  test_cases.GeneralTests - Browser closed after each test.
